[23/Dec/2023:00:44:01 +0700] GET / HTTP/1.1 415
[23/Dec/2023:00:44:01 +0700] GET /static/css/main.f855e6bc.css HTTP/1.1 779
[23/Dec/2023:00:44:01 +0700] GET /static/js/main.280bda83.js HTTP/1.1 143647
[23/Dec/2023:00:44:02 +0700] GET /static/media/logo.6ce24c58023cc2f8fd88fe9d219db6c6.svg HTTP/1.1 2632
[23/Dec/2023:00:44:02 +0700] GET /favicon.ico HTTP/1.1 3870
[23/Dec/2023:00:44:02 +0700] GET /logo192.png HTTP/1.1 5347
[23/Dec/2023:00:44:02 +0700] GET /static/js/main.280bda83.js HTTP/1.1 143647
[23/Dec/2023:00:46:00 +0700] GET /static/js/main.280bda83.js HTTP/1.1 143647
[23/Dec/2023:00:46:00 +0700] GET /logo192.png HTTP/1.1 5347
[23/Dec/2023:00:46:00 +0700] GET /favicon.ico HTTP/1.1 3870
[23/Dec/2023:00:46:00 +0700] GET /static/js/main.280bda83.js HTTP/1.1 143647
[23/Dec/2023:00:50:18 +0700] GET /static/css/main.f855e6bc.css HTTP/1.1 779
[23/Dec/2023:00:50:18 +0700] GET /static/media/logo.6ce24c58023cc2f8fd88fe9d219db6c6.svg HTTP/1.1 2632
[23/Dec/2023:00:51:00 +0700] GET / HTTP/1.1 415
[23/Dec/2023:00:51:00 +0700] GET /static/css/main.f855e6bc.css HTTP/1.1 779
[23/Dec/2023:00:51:00 +0700] GET /static/media/logo.6ce24c58023cc2f8fd88fe9d219db6c6.svg HTTP/1.1 2632
[23/Dec/2023:00:51:00 +0700] GET /logo192.png HTTP/1.1 5347
[23/Dec/2023:00:51:00 +0700] GET /favicon.ico HTTP/1.1 3870
[23/Dec/2023:00:56:01 +0700] GET / HTTP/1.1 415
[23/Dec/2023:00:56:01 +0700] GET /static/js/main.280bda83.js HTTP/1.1 0
[23/Dec/2023:00:56:01 +0700] GET /static/media/logo.6ce24c58023cc2f8fd88fe9d219db6c6.svg HTTP/1.1 2632
[23/Dec/2023:00:56:01 +0700] GET /logo192.png HTTP/1.1 5347
[23/Dec/2023:00:56:01 +0700] GET /favicon.ico HTTP/1.1 3870
[23/Dec/2023:00:56:01 +0700] GET /static/js/main.280bda83.js HTTP/1.1 143647
